Started GET "/" for ::1 at 2019-02-24 17:46:48 +0900
  [1m[35m (32.6ms)[0m  [1m[35mSET NAMES utf8,  @@SESSION.sql_mode = CONCAT(CONCAT(@@sql_mode, ',STRICT_ALL_TABLES'), ',NO_AUTO_VALUE_ON_ZERO'),  @@SESSION.sql_auto_is_null = 0, @@SESSION.wait_timeout = 2147483[0m
  ↳ vendor/bundle/ruby/2.6.0/gems/activerecord-5.2.2/lib/active_record/log_subscriber.rb:98
Processing by Rails::WelcomeController#index as HTML
  Rendering vendor/bundle/ruby/2.6.0/gems/railties-5.2.2/lib/rails/templates/rails/welcome/index.html.erb
  Rendered vendor/bundle/ruby/2.6.0/gems/railties-5.2.2/lib/rails/templates/rails/welcome/index.html.erb (8.6ms)
Completed 200 OK in 72ms (Views: 41.4ms | ActiveRecord: 0.0ms)


Started GET "/favicon.ico" for ::1 at 2019-02-24 17:46:49 +0900
  
ActionController::RoutingError (No route matches [GET] "/favicon.ico"):
  
vendor/bundle/ruby/2.6.0/gems/actionpack-5.2.2/lib/action_dispatch/middleware/debug_exceptions.rb:65:in `call'
vendor/bundle/ruby/2.6.0/gems/actionpack-5.2.2/lib/action_dispatch/middleware/show_exceptions.rb:33:in `call'
vendor/bundle/ruby/2.6.0/gems/railties-5.2.2/lib/rails/rack/logger.rb:38:in `call_app'
vendor/bundle/ruby/2.6.0/gems/railties-5.2.2/lib/rails/rack/logger.rb:26:in `block in call'
vendor/bundle/ruby/2.6.0/gems/activesupport-5.2.2/lib/active_support/tagged_logging.rb:71:in `block in tagged'
vendor/bundle/ruby/2.6.0/gems/activesupport-5.2.2/lib/active_support/tagged_logging.rb:28:in `tagged'
vendor/bundle/ruby/2.6.0/gems/activesupport-5.2.2/lib/active_support/tagged_logging.rb:71:in `tagged'
vendor/bundle/ruby/2.6.0/gems/railties-5.2.2/lib/rails/rack/logger.rb:26:in `call'
vendor/bundle/ruby/2.6.0/gems/actionpack-5.2.2/lib/action_dispatch/middleware/remote_ip.rb:81:in `call'
vendor/bundle/ruby/2.6.0/gems/actionpack-5.2.2/lib/action_dispatch/middleware/request_id.rb:27:in `call'
vendor/bundle/ruby/2.6.0/gems/rack-2.0.6/lib/rack/runtime.rb:22:in `call'
vendor/bundle/ruby/2.6.0/gems/activesupport-5.2.2/lib/active_support/cache/strategy/local_cache_middleware.rb:29:in `call'
vendor/bundle/ruby/2.6.0/gems/actionpack-5.2.2/lib/action_dispatch/middleware/executor.rb:14:in `call'
vendor/bundle/ruby/2.6.0/gems/actionpack-5.2.2/lib/action_dispatch/middleware/static.rb:127:in `call'
vendor/bundle/ruby/2.6.0/gems/rack-2.0.6/lib/rack/sendfile.rb:111:in `call'
vendor/bundle/ruby/2.6.0/gems/railties-5.2.2/lib/rails/engine.rb:524:in `call'
vendor/bundle/ruby/2.6.0/gems/puma-3.12.0/lib/puma/configuration.rb:225:in `call'
vendor/bundle/ruby/2.6.0/gems/puma-3.12.0/lib/puma/server.rb:658:in `handle_request'
vendor/bundle/ruby/2.6.0/gems/puma-3.12.0/lib/puma/server.rb:472:in `process_client'
vendor/bundle/ruby/2.6.0/gems/puma-3.12.0/lib/puma/server.rb:332:in `block in run'
vendor/bundle/ruby/2.6.0/gems/puma-3.12.0/lib/puma/thread_pool.rb:133:in `block in spawn_thread'
  [1m[35m (6.4ms)[0m  [1m[35mSET NAMES utf8,  @@SESSION.sql_mode = CONCAT(CONCAT(@@sql_mode, ',STRICT_ALL_TABLES'), ',NO_AUTO_VALUE_ON_ZERO'),  @@SESSION.sql_auto_is_null = 0, @@SESSION.wait_timeout = 2147483[0m
  ↳ vendor/bundle/ruby/2.6.0/bin/rake:23
  [1m[35m (139.4ms)[0m  [1m[35mCREATE TABLE `schema_migrations` (`version` varchar(255) COLLATE utf8_general_ci NOT NULL PRIMARY KEY)[0m
  ↳ vendor/bundle/ruby/2.6.0/bin/rake:23
  [1m[35m (35.2ms)[0m  [1m[35mCREATE TABLE `ar_internal_metadata` (`key` varchar(255) COLLATE utf8_general_ci NOT NULL PRIMARY KEY, `value` varchar(255), `created_at` datetime NOT NULL, `updated_at` datetime NOT NULL)[0m
  ↳ vendor/bundle/ruby/2.6.0/bin/rake:23
  [1m[35m (1.1ms)[0m  [1m[34mSELECT GET_LOCK('3102605136737625120', 0)[0m
  ↳ vendor/bundle/ruby/2.6.0/bin/rake:23
  [1m[35m (3.6ms)[0m  [1m[34mSELECT `schema_migrations`.`version` FROM `schema_migrations` ORDER BY `schema_migrations`.`version` ASC[0m
  ↳ vendor/bundle/ruby/2.6.0/bin/rake:23
Migrating to CreatePosts (20190224100539)
  [1m[35m (26.4ms)[0m  [1m[35mCREATE TABLE `posts` (`id` bigint NOT NULL AUTO_INCREMENT PRIMARY KEY, `title` varchar(255), `created_at` datetime NOT NULL, `updated_at` datetime NOT NULL)[0m
  ↳ db/migrate/20190224100539_create_posts.rb:3
  [1m[35m (1.0ms)[0m  [1m[35mBEGIN[0m
  ↳ vendor/bundle/ruby/2.6.0/bin/rake:23
  [1m[36mActiveRecord::SchemaMigration Create (4.8ms)[0m  [1m[32mINSERT INTO `schema_migrations` (`version`) VALUES ('20190224100539')[0m
  ↳ vendor/bundle/ruby/2.6.0/bin/rake:23
  [1m[35m (4.7ms)[0m  [1m[35mCOMMIT[0m
  ↳ vendor/bundle/ruby/2.6.0/bin/rake:23
  [1m[36mActiveRecord::InternalMetadata Load (4.8ms)[0m  [1m[34mSELECT  `ar_internal_metadata`.* FROM `ar_internal_metadata` WHERE `ar_internal_metadata`.`key` = 'environment' LIMIT 1[0m
  ↳ vendor/bundle/ruby/2.6.0/bin/rake:23
  [1m[35m (1.1ms)[0m  [1m[35mBEGIN[0m
  ↳ vendor/bundle/ruby/2.6.0/bin/rake:23
  [1m[36mActiveRecord::InternalMetadata Create (1.4ms)[0m  [1m[32mINSERT INTO `ar_internal_metadata` (`key`, `value`, `created_at`, `updated_at`) VALUES ('environment', 'development', '2019-02-24 10:07:00', '2019-02-24 10:07:00')[0m
  ↳ vendor/bundle/ruby/2.6.0/bin/rake:23
  [1m[35m (7.3ms)[0m  [1m[35mCOMMIT[0m
  ↳ vendor/bundle/ruby/2.6.0/bin/rake:23
  [1m[35m (13.1ms)[0m  [1m[34mSELECT RELEASE_LOCK('3102605136737625120')[0m
  ↳ vendor/bundle/ruby/2.6.0/bin/rake:23
  [1m[35m (1.1ms)[0m  [1m[34mSELECT `schema_migrations`.`version` FROM `schema_migrations` ORDER BY `schema_migrations`.`version` ASC[0m
  ↳ vendor/bundle/ruby/2.6.0/bin/rake:23
